The target system is: PICO -  - cortex-m0plus
The host system is: Linux - 5.4.0-150-generic - x86_64
Compiling the C compiler identification source file "CMakeCCompilerId.c" succeeded.
Compiler: /usr/bin/arm-none-eabi-gcc 
Build flags: 
Id flags: -c 

The output was:
0


Compilation of the C compiler identification source "CMakeCCompilerId.c" produced "CMakeCCompilerId.o"

The C compiler identification is GNU, found in "/home/abdurrahim/pico_projects/build/CMakeFiles/3.13.4/CompilerIdC/CMakeCCompilerId.o"

Compiling the CXX compiler identification source file "CMakeCXXCompilerId.cpp" succeeded.
Compiler: /usr/bin/arm-none-eabi-g++ 
Build flags: 
Id flags: -c 

The output was:
0


Compilation of the CXX compiler identification source "CMakeCXXCompilerId.cpp" produced "CMakeCXXCompilerId.o"

The CXX compiler identification is GNU, found in "/home/abdurrahim/pico_projects/build/CMakeFiles/3.13.4/CompilerIdCXX/CMakeCXXCompilerId.o"

Determining if the C compiler works passed with the following output:
Change Dir: /home/abdurrahim/pico_projects/build/CMakeFiles/CMakeTmp

Run Build Command:"/usr/bin/make" "cmTC_ac4a3/fast"
/usr/bin/make -f CMakeFiles/cmTC_ac4a3.dir/build.make CMakeFiles/cmTC_ac4a3.dir/build
make[1]: Entering directory '/home/abdurrahim/pico_projects/build/CMakeFiles/CMakeTmp'
Building C object CMakeFiles/cmTC_ac4a3.dir/testCCompiler.c.obj
/usr/bin/arm-none-eabi-gcc   -mcpu=cortex-m0plus -mthumb    -o CMakeFiles/cmTC_ac4a3.dir/testCCompiler.c.obj   -c /home/abdurrahim/pico_projects/build/CMakeFiles/CMakeTmp/testCCompiler.c
Linking C executable cmTC_ac4a3.elf
/usr/local/bin/cmake -E cmake_link_script CMakeFiles/cmTC_ac4a3.dir/link.txt --verbose=1
/usr/bin/arm-none-eabi-gcc -mcpu=cortex-m0plus -mthumb  -Wl,--build-id=none -nostdlib   CMakeFiles/cmTC_ac4a3.dir/testCCompiler.c.obj  -o cmTC_ac4a3.elf 
/usr/lib/gcc/arm-none-eabi/6.3.1/../../../arm-none-eabi/bin/ld: warning: cannot find entry symbol _start; defaulting to 0000000000008000
make[1]: Leaving directory '/home/abdurrahim/pico_projects/build/CMakeFiles/CMakeTmp'


Detecting C compiler ABI info compiled with the following output:
Change Dir: /home/abdurrahim/pico_projects/build/CMakeFiles/CMakeTmp

Run Build Command:"/usr/bin/make" "cmTC_a510a/fast"
/usr/bin/make -f CMakeFiles/cmTC_a510a.dir/build.make CMakeFiles/cmTC_a510a.dir/build
make[1]: Entering directory '/home/abdurrahim/pico_projects/build/CMakeFiles/CMakeTmp'
Building C object CMakeFiles/cmTC_a510a.dir/CMakeCCompilerABI.c.obj
/usr/bin/arm-none-eabi-gcc   -mcpu=cortex-m0plus -mthumb    -o CMakeFiles/cmTC_a510a.dir/CMakeCCompilerABI.c.obj   -c /usr/local/share/cmake-3.13/Modules/CMakeCCompilerABI.c
Linking C executable cmTC_a510a.elf
/usr/local/bin/cmake -E cmake_link_script CMakeFiles/cmTC_a510a.dir/link.txt --verbose=1
/usr/bin/arm-none-eabi-gcc -mcpu=cortex-m0plus -mthumb  -Wl,--build-id=none -nostdlib  -v CMakeFiles/cmTC_a510a.dir/CMakeCCompilerABI.c.obj  -o cmTC_a510a.elf 
Using built-in specs.
COLLECT_GCC=/usr/bin/arm-none-eabi-gcc
COLLECT_LTO_WRAPPER=/usr/lib/gcc/arm-none-eabi/6.3.1/lto-wrapper
Target: arm-none-eabi
Configured with: ../src/configure --build=x86_64-linux-gnu --prefix=/usr --includedir='/usr/lib/include' --mandir='/usr/lib/share/man' --infodir='/usr/lib/share/info' --sysconfdir=/etc --localstatedir=/var --disable-silent-rules --libdir='/usr/lib/lib/x86_64-linux-gnu' --libexecdir='/usr/lib/lib/x86_64-linux-gnu' --disable-maintainer-mode --disable-dependency-tracking --mandir=/usr/share/man --enable-languages=c,c++,lto --enable-multilib --disable-decimal-float --disable-libffi --disable-libgomp --disable-libmudflap --disable-libquadmath --disable-libssp --disable-libstdcxx-pch --disable-nls --disable-shared --disable-threads --disable-tls --build=x86_64-linux-gnu --target=arm-none-eabi --with-system-zlib --with-gnu-as --with-gnu-ld --with-pkgversion=15:6.3.1+svn253039-1build1 --without-included-gettext --prefix=/usr/lib --infodir=/usr/share/doc/gcc-arm-none-eabi/info --htmldir=/usr/share/doc/gcc-arm-none-eabi/html --pdfdir=/usr/share/doc/gcc-arm-none-eabi/pdf --bindir=/usr/bin --libexecdir=/usr/lib --libdir=/usr/lib --disable-libstdc++-v3 --host=x86_64-linux-gnu --with-headers=no --without-newlib --with-multilib-list=rmprofile CFLAGS='-g -O2 -fdebug-prefix-map=/build/gcc-arm-none-eabi-iopiMw/gcc-arm-none-eabi-6.3.1+svn253039=. -fstack-protector-strong' CPPFLAGS='-Wdate-time -D_FORTIFY_SOURCE=2' CXXFLAGS='-g -O2 -fdebug-prefix-map=/build/gcc-arm-none-eabi-iopiMw/gcc-arm-none-eabi-6.3.1+svn253039=. -fstack-protector-strong' FCFLAGS='-g -O2 -fdebug-prefix-map=/build/gcc-arm-none-eabi-iopiMw/gcc-arm-none-eabi-6.3.1+svn253039=. -fstack-protector-strong' FFLAGS='-g -O2 -fdebug-prefix-map=/build/gcc-arm-none-eabi-iopiMw/gcc-arm-none-eabi-6.3.1+svn253039=. -fstack-protector-strong' GCJFLAGS='-g -O2 -fdebug-prefix-map=/build/gcc-arm-none-eabi-iopiMw/gcc-arm-none-eabi-6.3.1+svn253039=. -fstack-protector-strong' LDFLAGS='-Wl,-Bsymbolic-functions -Wl,-z,relro' OBJCFLAGS='-g -O2 -fdebug-prefix-map=/build/gcc-arm-none-eabi-iopiMw/gcc-arm-none-eabi-6.3.1+svn253039=. -fstack-protector-strong' OBJCXXFLAGS='-g -O2 -fdebug-prefix-map=/build/gcc-arm-none-eabi-iopiMw/gcc-arm-none-eabi-6.3.1+svn253039=. -fstack-protector-strong' INHIBIT_LIBC_CFLAGS=-DUSE_TM_CLONE_REGISTRY=0 AR_FOR_TARGET=arm-none-eabi-ar AS_FOR_TARGET=arm-none-eabi-as LD_FOR_TARGET=arm-none-eabi-ld NM_FOR_TARGET=arm-none-eabi-nm OBJDUMP_FOR_TARGET=arm-none-eabi-objdump RANLIB_FOR_TARGET=arm-none-eabi-ranlib READELF_FOR_TARGET=arm-none-eabi-readelf STRIP_FOR_TARGET=arm-none-eabi-strip
Thread model: single
gcc version 6.3.1 20170620 (15:6.3.1+svn253039-1build1) 
COMPILER_PATH=/usr/lib/gcc/arm-none-eabi/6.3.1/:/usr/lib/gcc/arm-none-eabi/6.3.1/:/usr/lib/gcc/arm-none-eabi/:/usr/lib/gcc/arm-none-eabi/6.3.1/:/usr/lib/gcc/arm-none-eabi/:/usr/lib/gcc/arm-none-eabi/6.3.1/../../../arm-none-eabi/bin/
LIBRARY_PATH=/usr/lib/gcc/arm-none-eabi/6.3.1/thumb/v6-m/:/usr/lib/gcc/arm-none-eabi/6.3.1/../../../arm-none-eabi/lib/thumb/v6-m/:/usr/lib/gcc/arm-none-eabi/6.3.1/:/usr/lib/gcc/arm-none-eabi/6.3.1/../../../arm-none-eabi/lib/
COLLECT_GCC_OPTIONS='-mcpu=cortex-m0plus' '-mthumb' '-nostdlib' '-v' '-o' 'cmTC_a510a.elf'
 /usr/lib/gcc/arm-none-eabi/6.3.1/collect2 -plugin /usr/lib/gcc/arm-none-eabi/6.3.1/liblto_plugin.so -plugin-opt=/usr/lib/gcc/arm-none-eabi/6.3.1/lto-wrapper -plugin-opt=-fresolution=/tmp/ccxFwBFe.res -X -o cmTC_a510a.elf -L/usr/lib/gcc/arm-none-eabi/6.3.1/thumb/v6-m -L/usr/lib/gcc/arm-none-eabi/6.3.1/../../../arm-none-eabi/lib/thumb/v6-m -L/usr/lib/gcc/arm-none-eabi/6.3.1 -L/usr/lib/gcc/arm-none-eabi/6.3.1/../../../arm-none-eabi/lib --build-id=none CMakeFiles/cmTC_a510a.dir/CMakeCCompilerABI.c.obj
/usr/lib/gcc/arm-none-eabi/6.3.1/../../../arm-none-eabi/bin/ld: warning: cannot find entry symbol _start; defaulting to 0000000000008000
COLLECT_GCC_OPTIONS='-mcpu=cortex-m0plus' '-mthumb' '-nostdlib' '-v' '-o' 'cmTC_a510a.elf'
make[1]: Leaving directory '/home/abdurrahim/pico_projects/build/CMakeFiles/CMakeTmp'


Parsed C implicit link information from above output:
  link line regex: [^( *|.*[/\])(arm-none-eabi-ld|CMAKE_LINK_STARTFILE-NOTFOUND|([^/\]+-)?ld|collect2)[^/\]*( |$)]
  ignore line: [Change Dir: /home/abdurrahim/pico_projects/build/CMakeFiles/CMakeTmp]
  ignore line: []
  ignore line: [Run Build Command:"/usr/bin/make" "cmTC_a510a/fast"]
  ignore line: [/usr/bin/make -f CMakeFiles/cmTC_a510a.dir/build.make CMakeFiles/cmTC_a510a.dir/build]
  ignore line: [make[1]: Entering directory '/home/abdurrahim/pico_projects/build/CMakeFiles/CMakeTmp']
  ignore line: [Building C object CMakeFiles/cmTC_a510a.dir/CMakeCCompilerABI.c.obj]
  ignore line: [/usr/bin/arm-none-eabi-gcc   -mcpu=cortex-m0plus -mthumb    -o CMakeFiles/cmTC_a510a.dir/CMakeCCompilerABI.c.obj   -c /usr/local/share/cmake-3.13/Modules/CMakeCCompilerABI.c]
  ignore line: [Linking C executable cmTC_a510a.elf]
  ignore line: [/usr/local/bin/cmake -E cmake_link_script CMakeFiles/cmTC_a510a.dir/link.txt --verbose=1]
  ignore line: [/usr/bin/arm-none-eabi-gcc -mcpu=cortex-m0plus -mthumb  -Wl,--build-id=none -nostdlib  -v CMakeFiles/cmTC_a510a.dir/CMakeCCompilerABI.c.obj  -o cmTC_a510a.elf ]
  ignore line: [Using built-in specs.]
  ignore line: [COLLECT_GCC=/usr/bin/arm-none-eabi-gcc]
  ignore line: [COLLECT_LTO_WRAPPER=/usr/lib/gcc/arm-none-eabi/6.3.1/lto-wrapper]
  ignore line: [Target: arm-none-eabi]
  ignore line: [Configured with: ../src/configure --build=x86_64-linux-gnu --prefix=/usr --includedir='/usr/lib/include' --mandir='/usr/lib/share/man' --infodir='/usr/lib/share/info' --sysconfdir=/etc --localstatedir=/var --disable-silent-rules --libdir='/usr/lib/lib/x86_64-linux-gnu' --libexecdir='/usr/lib/lib/x86_64-linux-gnu' --disable-maintainer-mode --disable-dependency-tracking --mandir=/usr/share/man --enable-languages=c,c++,lto --enable-multilib --disable-decimal-float --disable-libffi --disable-libgomp --disable-libmudflap --disable-libquadmath --disable-libssp --disable-libstdcxx-pch --disable-nls --disable-shared --disable-threads --disable-tls --build=x86_64-linux-gnu --target=arm-none-eabi --with-system-zlib --with-gnu-as --with-gnu-ld --with-pkgversion=15:6.3.1+svn253039-1build1 --without-included-gettext --prefix=/usr/lib --infodir=/usr/share/doc/gcc-arm-none-eabi/info --htmldir=/usr/share/doc/gcc-arm-none-eabi/html --pdfdir=/usr/share/doc/gcc-arm-none-eabi/pdf --bindir=/usr/bin --libexecdir=/usr/lib --libdir=/usr/lib --disable-libstdc++-v3 --host=x86_64-linux-gnu --with-headers=no --without-newlib --with-multilib-list=rmprofile CFLAGS='-g -O2 -fdebug-prefix-map=/build/gcc-arm-none-eabi-iopiMw/gcc-arm-none-eabi-6.3.1+svn253039=. -fstack-protector-strong' CPPFLAGS='-Wdate-time -D_FORTIFY_SOURCE=2' CXXFLAGS='-g -O2 -fdebug-prefix-map=/build/gcc-arm-none-eabi-iopiMw/gcc-arm-none-eabi-6.3.1+svn253039=. -fstack-protector-strong' FCFLAGS='-g -O2 -fdebug-prefix-map=/build/gcc-arm-none-eabi-iopiMw/gcc-arm-none-eabi-6.3.1+svn253039=. -fstack-protector-strong' FFLAGS='-g -O2 -fdebug-prefix-map=/build/gcc-arm-none-eabi-iopiMw/gcc-arm-none-eabi-6.3.1+svn253039=. -fstack-protector-strong' GCJFLAGS='-g -O2 -fdebug-prefix-map=/build/gcc-arm-none-eabi-iopiMw/gcc-arm-none-eabi-6.3.1+svn253039=. -fstack-protector-strong' LDFLAGS='-Wl,-Bsymbolic-functions -Wl,-z,relro' OBJCFLAGS='-g -O2 -fdebug-prefix-map=/build/gcc-arm-none-eabi-iopiMw/gcc-arm-none-eabi-6.3.1+svn253039=. -fstack-protector-strong' OBJCXXFLAGS='-g -O2 -fdebug-prefix-map=/build/gcc-arm-none-eabi-iopiMw/gcc-arm-none-eabi-6.3.1+svn253039=. -fstack-protector-strong' INHIBIT_LIBC_CFLAGS=-DUSE_TM_CLONE_REGISTRY=0 AR_FOR_TARGET=arm-none-eabi-ar AS_FOR_TARGET=arm-none-eabi-as LD_FOR_TARGET=arm-none-eabi-ld NM_FOR_TARGET=arm-none-eabi-nm OBJDUMP_FOR_TARGET=arm-none-eabi-objdump RANLIB_FOR_TARGET=arm-none-eabi-ranlib READELF_FOR_TARGET=arm-none-eabi-readelf STRIP_FOR_TARGET=arm-none-eabi-strip]
  ignore line: [Thread model: single]
  ignore line: [gcc version 6.3.1 20170620 (15:6.3.1+svn253039-1build1) ]
  ignore line: [COMPILER_PATH=/usr/lib/gcc/arm-none-eabi/6.3.1/:/usr/lib/gcc/arm-none-eabi/6.3.1/:/usr/lib/gcc/arm-none-eabi/:/usr/lib/gcc/arm-none-eabi/6.3.1/:/usr/lib/gcc/arm-none-eabi/:/usr/lib/gcc/arm-none-eabi/6.3.1/../../../arm-none-eabi/bin/]
  ignore line: [LIBRARY_PATH=/usr/lib/gcc/arm-none-eabi/6.3.1/thumb/v6-m/:/usr/lib/gcc/arm-none-eabi/6.3.1/../../../arm-none-eabi/lib/thumb/v6-m/:/usr/lib/gcc/arm-none-eabi/6.3.1/:/usr/lib/gcc/arm-none-eabi/6.3.1/../../../arm-none-eabi/lib/]
  ignore line: [COLLECT_GCC_OPTIONS='-mcpu=cortex-m0plus' '-mthumb' '-nostdlib' '-v' '-o' 'cmTC_a510a.elf']
  link line: [ /usr/lib/gcc/arm-none-eabi/6.3.1/collect2 -plugin /usr/lib/gcc/arm-none-eabi/6.3.1/liblto_plugin.so -plugin-opt=/usr/lib/gcc/arm-none-eabi/6.3.1/lto-wrapper -plugin-opt=-fresolution=/tmp/ccxFwBFe.res -X -o cmTC_a510a.elf -L/usr/lib/gcc/arm-none-eabi/6.3.1/thumb/v6-m -L/usr/lib/gcc/arm-none-eabi/6.3.1/../../../arm-none-eabi/lib/thumb/v6-m -L/usr/lib/gcc/arm-none-eabi/6.3.1 -L/usr/lib/gcc/arm-none-eabi/6.3.1/../../../arm-none-eabi/lib --build-id=none CMakeFiles/cmTC_a510a.dir/CMakeCCompilerABI.c.obj]
    arg [/usr/lib/gcc/arm-none-eabi/6.3.1/collect2] ==> ignore
    arg [-plugin] ==> ignore
    arg [/usr/lib/gcc/arm-none-eabi/6.3.1/liblto_plugin.so] ==> ignore
    arg [-plugin-opt=/usr/lib/gcc/arm-none-eabi/6.3.1/lto-wrapper] ==> ignore
    arg [-plugin-opt=-fresolution=/tmp/ccxFwBFe.res] ==> ignore
    arg [-X] ==> ignore
    arg [-o] ==> ignore
    arg [cmTC_a510a.elf] ==> ignore
    arg [-L/usr/lib/gcc/arm-none-eabi/6.3.1/thumb/v6-m] ==> dir [/usr/lib/gcc/arm-none-eabi/6.3.1/thumb/v6-m]
    arg [-L/usr/lib/gcc/arm-none-eabi/6.3.1/../../../arm-none-eabi/lib/thumb/v6-m] ==> dir [/usr/lib/gcc/arm-none-eabi/6.3.1/../../../arm-none-eabi/lib/thumb/v6-m]
    arg [-L/usr/lib/gcc/arm-none-eabi/6.3.1] ==> dir [/usr/lib/gcc/arm-none-eabi/6.3.1]
    arg [-L/usr/lib/gcc/arm-none-eabi/6.3.1/../../../arm-none-eabi/lib] ==> dir [/usr/lib/gcc/arm-none-eabi/6.3.1/../../../arm-none-eabi/lib]
    arg [--build-id=none] ==> ignore
    arg [CMakeFiles/cmTC_a510a.dir/CMakeCCompilerABI.c.obj] ==> ignore
  collapse library dir [/usr/lib/gcc/arm-none-eabi/6.3.1/thumb/v6-m] ==> [/usr/lib/gcc/arm-none-eabi/6.3.1/thumb/v6-m]
  collapse library dir [/usr/lib/gcc/arm-none-eabi/6.3.1/../../../arm-none-eabi/lib/thumb/v6-m] ==> [/usr/lib/arm-none-eabi/lib/thumb/v6-m]
  collapse library dir [/usr/lib/gcc/arm-none-eabi/6.3.1] ==> [/usr/lib/gcc/arm-none-eabi/6.3.1]
  collapse library dir [/usr/lib/gcc/arm-none-eabi/6.3.1/../../../arm-none-eabi/lib] ==> [/usr/lib/arm-none-eabi/lib]
  implicit libs: []
  implicit dirs: [/usr/lib/gcc/arm-none-eabi/6.3.1/thumb/v6-m;/usr/lib/arm-none-eabi/lib/thumb/v6-m;/usr/lib/gcc/arm-none-eabi/6.3.1;/usr/lib/arm-none-eabi/lib]
  implicit fwks: []




Detecting C [-std=c11] compiler features compiled with the following output:
Change Dir: /home/abdurrahim/pico_projects/build/CMakeFiles/CMakeTmp

Run Build Command:"/usr/bin/make" "cmTC_0d456/fast"
/usr/bin/make -f CMakeFiles/cmTC_0d456.dir/build.make CMakeFiles/cmTC_0d456.dir/build
make[1]: Entering directory '/home/abdurrahim/pico_projects/build/CMakeFiles/CMakeTmp'
Building C object CMakeFiles/cmTC_0d456.dir/feature_tests.c.obj
/usr/bin/arm-none-eabi-gcc   -mcpu=cortex-m0plus -mthumb    -std=c11 -o CMakeFiles/cmTC_0d456.dir/feature_tests.c.obj   -c /home/abdurrahim/pico_projects/build/CMakeFiles/feature_tests.c
Linking C executable cmTC_0d456.elf
/usr/local/bin/cmake -E cmake_link_script CMakeFiles/cmTC_0d456.dir/link.txt --verbose=1
/usr/bin/arm-none-eabi-gcc -mcpu=cortex-m0plus -mthumb  -Wl,--build-id=none -nostdlib   CMakeFiles/cmTC_0d456.dir/feature_tests.c.obj  -o cmTC_0d456.elf 
/usr/lib/gcc/arm-none-eabi/6.3.1/../../../arm-none-eabi/bin/ld: warning: cannot find entry symbol _start; defaulting to 0000000000008000
make[1]: Leaving directory '/home/abdurrahim/pico_projects/build/CMakeFiles/CMakeTmp'


    Feature record: C_FEATURE:1c_function_prototypes
    Feature record: C_FEATURE:1c_restrict
    Feature record: C_FEATURE:1c_static_assert
    Feature record: C_FEATURE:1c_variadic_macros


Detecting C [-std=c99] compiler features compiled with the following output:
Change Dir: /home/abdurrahim/pico_projects/build/CMakeFiles/CMakeTmp

Run Build Command:"/usr/bin/make" "cmTC_b1500/fast"
/usr/bin/make -f CMakeFiles/cmTC_b1500.dir/build.make CMakeFiles/cmTC_b1500.dir/build
make[1]: Entering directory '/home/abdurrahim/pico_projects/build/CMakeFiles/CMakeTmp'
Building C object CMakeFiles/cmTC_b1500.dir/feature_tests.c.obj
/usr/bin/arm-none-eabi-gcc   -mcpu=cortex-m0plus -mthumb    -std=c99 -o CMakeFiles/cmTC_b1500.dir/feature_tests.c.obj   -c /home/abdurrahim/pico_projects/build/CMakeFiles/feature_tests.c
Linking C executable cmTC_b1500.elf
/usr/local/bin/cmake -E cmake_link_script CMakeFiles/cmTC_b1500.dir/link.txt --verbose=1
/usr/bin/arm-none-eabi-gcc -mcpu=cortex-m0plus -mthumb  -Wl,--build-id=none -nostdlib   CMakeFiles/cmTC_b1500.dir/feature_tests.c.obj  -o cmTC_b1500.elf 
/usr/lib/gcc/arm-none-eabi/6.3.1/../../../arm-none-eabi/bin/ld: warning: cannot find entry symbol _start; defaulting to 0000000000008000
make[1]: Leaving directory '/home/abdurrahim/pico_projects/build/CMakeFiles/CMakeTmp'


    Feature record: C_FEATURE:1c_function_prototypes
    Feature record: C_FEATURE:1c_restrict
    Feature record: C_FEATURE:0c_static_assert
    Feature record: C_FEATURE:1c_variadic_macros


Detecting C [-std=c90] compiler features compiled with the following output:
Change Dir: /home/abdurrahim/pico_projects/build/CMakeFiles/CMakeTmp

Run Build Command:"/usr/bin/make" "cmTC_18f84/fast"
/usr/bin/make -f CMakeFiles/cmTC_18f84.dir/build.make CMakeFiles/cmTC_18f84.dir/build
make[1]: Entering directory '/home/abdurrahim/pico_projects/build/CMakeFiles/CMakeTmp'
Building C object CMakeFiles/cmTC_18f84.dir/feature_tests.c.obj
/usr/bin/arm-none-eabi-gcc   -mcpu=cortex-m0plus -mthumb    -std=c90 -o CMakeFiles/cmTC_18f84.dir/feature_tests.c.obj   -c /home/abdurrahim/pico_projects/build/CMakeFiles/feature_tests.c
Linking C executable cmTC_18f84.elf
/usr/local/bin/cmake -E cmake_link_script CMakeFiles/cmTC_18f84.dir/link.txt --verbose=1
/usr/bin/arm-none-eabi-gcc -mcpu=cortex-m0plus -mthumb  -Wl,--build-id=none -nostdlib   CMakeFiles/cmTC_18f84.dir/feature_tests.c.obj  -o cmTC_18f84.elf 
/usr/lib/gcc/arm-none-eabi/6.3.1/../../../arm-none-eabi/bin/ld: warning: cannot find entry symbol _start; defaulting to 0000000000008000
make[1]: Leaving directory '/home/abdurrahim/pico_projects/build/CMakeFiles/CMakeTmp'


    Feature record: C_FEATURE:1c_function_prototypes
    Feature record: C_FEATURE:0c_restrict
    Feature record: C_FEATURE:0c_static_assert
    Feature record: C_FEATURE:0c_variadic_macros
Determining if the CXX compiler works passed with the following output:
Change Dir: /home/abdurrahim/pico_projects/build/CMakeFiles/CMakeTmp

Run Build Command:"/usr/bin/make" "cmTC_32aa3/fast"
/usr/bin/make -f CMakeFiles/cmTC_32aa3.dir/build.make CMakeFiles/cmTC_32aa3.dir/build
make[1]: Entering directory '/home/abdurrahim/pico_projects/build/CMakeFiles/CMakeTmp'
Building CXX object CMakeFiles/cmTC_32aa3.dir/testCXXCompiler.cxx.obj
/usr/bin/arm-none-eabi-g++    -mcpu=cortex-m0plus -mthumb    -o CMakeFiles/cmTC_32aa3.dir/testCXXCompiler.cxx.obj -c /home/abdurrahim/pico_projects/build/CMakeFiles/CMakeTmp/testCXXCompiler.cxx
Linking CXX executable cmTC_32aa3.elf
/usr/local/bin/cmake -E cmake_link_script CMakeFiles/cmTC_32aa3.dir/link.txt --verbose=1
/usr/bin/arm-none-eabi-g++  -mcpu=cortex-m0plus -mthumb  -Wl,--build-id=none -nostdlib   CMakeFiles/cmTC_32aa3.dir/testCXXCompiler.cxx.obj  -o cmTC_32aa3.elf 
/usr/lib/gcc/arm-none-eabi/6.3.1/../../../arm-none-eabi/bin/ld: warning: cannot find entry symbol _start; defaulting to 0000000000008000
make[1]: Leaving directory '/home/abdurrahim/pico_projects/build/CMakeFiles/CMakeTmp'


Detecting CXX compiler ABI info compiled with the following output:
Change Dir: /home/abdurrahim/pico_projects/build/CMakeFiles/CMakeTmp

Run Build Command:"/usr/bin/make" "cmTC_e5378/fast"
/usr/bin/make -f CMakeFiles/cmTC_e5378.dir/build.make CMakeFiles/cmTC_e5378.dir/build
make[1]: Entering directory '/home/abdurrahim/pico_projects/build/CMakeFiles/CMakeTmp'
Building CXX object CMakeFiles/cmTC_e5378.dir/CMakeCXXCompilerABI.cpp.obj
/usr/bin/arm-none-eabi-g++    -mcpu=cortex-m0plus -mthumb    -o CMakeFiles/cmTC_e5378.dir/CMakeCXXCompilerABI.cpp.obj -c /usr/local/share/cmake-3.13/Modules/CMakeCXXCompilerABI.cpp
Linking CXX executable cmTC_e5378.elf
/usr/local/bin/cmake -E cmake_link_script CMakeFiles/cmTC_e5378.dir/link.txt --verbose=1
/usr/bin/arm-none-eabi-g++  -mcpu=cortex-m0plus -mthumb  -Wl,--build-id=none -nostdlib  -v CMakeFiles/cmTC_e5378.dir/CMakeCXXCompilerABI.cpp.obj  -o cmTC_e5378.elf 
Using built-in specs.
COLLECT_GCC=/usr/bin/arm-none-eabi-g++
COLLECT_LTO_WRAPPER=/usr/lib/gcc/arm-none-eabi/6.3.1/lto-wrapper
Target: arm-none-eabi
Configured with: ../src/configure --build=x86_64-linux-gnu --prefix=/usr --includedir='/usr/lib/include' --mandir='/usr/lib/share/man' --infodir='/usr/lib/share/info' --sysconfdir=/etc --localstatedir=/var --disable-silent-rules --libdir='/usr/lib/lib/x86_64-linux-gnu' --libexecdir='/usr/lib/lib/x86_64-linux-gnu' --disable-maintainer-mode --disable-dependency-tracking --mandir=/usr/share/man --enable-languages=c,c++,lto --enable-multilib --disable-decimal-float --disable-libffi --disable-libgomp --disable-libmudflap --disable-libquadmath --disable-libssp --disable-libstdcxx-pch --disable-nls --disable-shared --disable-threads --disable-tls --build=x86_64-linux-gnu --target=arm-none-eabi --with-system-zlib --with-gnu-as --with-gnu-ld --with-pkgversion=15:6.3.1+svn253039-1build1 --without-included-gettext --prefix=/usr/lib --infodir=/usr/share/doc/gcc-arm-none-eabi/info --htmldir=/usr/share/doc/gcc-arm-none-eabi/html --pdfdir=/usr/share/doc/gcc-arm-none-eabi/pdf --bindir=/usr/bin --libexecdir=/usr/lib --libdir=/usr/lib --disable-libstdc++-v3 --host=x86_64-linux-gnu --with-headers=no --without-newlib --with-multilib-list=rmprofile CFLAGS='-g -O2 -fdebug-prefix-map=/build/gcc-arm-none-eabi-iopiMw/gcc-arm-none-eabi-6.3.1+svn253039=. -fstack-protector-strong' CPPFLAGS='-Wdate-time -D_FORTIFY_SOURCE=2' CXXFLAGS='-g -O2 -fdebug-prefix-map=/build/gcc-arm-none-eabi-iopiMw/gcc-arm-none-eabi-6.3.1+svn253039=. -fstack-protector-strong' FCFLAGS='-g -O2 -fdebug-prefix-map=/build/gcc-arm-none-eabi-iopiMw/gcc-arm-none-eabi-6.3.1+svn253039=. -fstack-protector-strong' FFLAGS='-g -O2 -fdebug-prefix-map=/build/gcc-arm-none-eabi-iopiMw/gcc-arm-none-eabi-6.3.1+svn253039=. -fstack-protector-strong' GCJFLAGS='-g -O2 -fdebug-prefix-map=/build/gcc-arm-none-eabi-iopiMw/gcc-arm-none-eabi-6.3.1+svn253039=. -fstack-protector-strong' LDFLAGS='-Wl,-Bsymbolic-functions -Wl,-z,relro' OBJCFLAGS='-g -O2 -fdebug-prefix-map=/build/gcc-arm-none-eabi-iopiMw/gcc-arm-none-eabi-6.3.1+svn253039=. -fstack-protector-strong' OBJCXXFLAGS='-g -O2 -fdebug-prefix-map=/build/gcc-arm-none-eabi-iopiMw/gcc-arm-none-eabi-6.3.1+svn253039=. -fstack-protector-strong' INHIBIT_LIBC_CFLAGS=-DUSE_TM_CLONE_REGISTRY=0 AR_FOR_TARGET=arm-none-eabi-ar AS_FOR_TARGET=arm-none-eabi-as LD_FOR_TARGET=arm-none-eabi-ld NM_FOR_TARGET=arm-none-eabi-nm OBJDUMP_FOR_TARGET=arm-none-eabi-objdump RANLIB_FOR_TARGET=arm-none-eabi-ranlib READELF_FOR_TARGET=arm-none-eabi-readelf STRIP_FOR_TARGET=arm-none-eabi-strip
Thread model: single
gcc version 6.3.1 20170620 (15:6.3.1+svn253039-1build1) 
COMPILER_PATH=/usr/lib/gcc/arm-none-eabi/6.3.1/:/usr/lib/gcc/arm-none-eabi/6.3.1/:/usr/lib/gcc/arm-none-eabi/:/usr/lib/gcc/arm-none-eabi/6.3.1/:/usr/lib/gcc/arm-none-eabi/:/usr/lib/gcc/arm-none-eabi/6.3.1/../../../arm-none-eabi/bin/
LIBRARY_PATH=/usr/lib/gcc/arm-none-eabi/6.3.1/thumb/v6-m/:/usr/lib/gcc/arm-none-eabi/6.3.1/../../../arm-none-eabi/lib/thumb/v6-m/:/usr/lib/gcc/arm-none-eabi/6.3.1/:/usr/lib/gcc/arm-none-eabi/6.3.1/../../../arm-none-eabi/lib/
COLLECT_GCC_OPTIONS='-mcpu=cortex-m0plus' '-mthumb' '-nostdlib' '-v' '-o' 'cmTC_e5378.elf'
 /usr/lib/gcc/arm-none-eabi/6.3.1/collect2 -plugin /usr/lib/gcc/arm-none-eabi/6.3.1/liblto_plugin.so -plugin-opt=/usr/lib/gcc/arm-none-eabi/6.3.1/lto-wrapper -plugin-opt=-fresolution=/tmp/ccQEgQSB.res -X -o cmTC_e5378.elf -L/usr/lib/gcc/arm-none-eabi/6.3.1/thumb/v6-m -L/usr/lib/gcc/arm-none-eabi/6.3.1/../../../arm-none-eabi/lib/thumb/v6-m -L/usr/lib/gcc/arm-none-eabi/6.3.1 -L/usr/lib/gcc/arm-none-eabi/6.3.1/../../../arm-none-eabi/lib --build-id=none CMakeFiles/cmTC_e5378.dir/CMakeCXXCompilerABI.cpp.obj
/usr/lib/gcc/arm-none-eabi/6.3.1/../../../arm-none-eabi/bin/ld: warning: cannot find entry symbol _start; defaulting to 0000000000008000
COLLECT_GCC_OPTIONS='-mcpu=cortex-m0plus' '-mthumb' '-nostdlib' '-v' '-o' 'cmTC_e5378.elf'
make[1]: Leaving directory '/home/abdurrahim/pico_projects/build/CMakeFiles/CMakeTmp'


Parsed CXX implicit link information from above output:
  link line regex: [^( *|.*[/\])(arm-none-eabi-ld|CMAKE_LINK_STARTFILE-NOTFOUND|([^/\]+-)?ld|collect2)[^/\]*( |$)]
  ignore line: [Change Dir: /home/abdurrahim/pico_projects/build/CMakeFiles/CMakeTmp]
  ignore line: []
  ignore line: [Run Build Command:"/usr/bin/make" "cmTC_e5378/fast"]
  ignore line: [/usr/bin/make -f CMakeFiles/cmTC_e5378.dir/build.make CMakeFiles/cmTC_e5378.dir/build]
  ignore line: [make[1]: Entering directory '/home/abdurrahim/pico_projects/build/CMakeFiles/CMakeTmp']
  ignore line: [Building CXX object CMakeFiles/cmTC_e5378.dir/CMakeCXXCompilerABI.cpp.obj]
  ignore line: [/usr/bin/arm-none-eabi-g++    -mcpu=cortex-m0plus -mthumb    -o CMakeFiles/cmTC_e5378.dir/CMakeCXXCompilerABI.cpp.obj -c /usr/local/share/cmake-3.13/Modules/CMakeCXXCompilerABI.cpp]
  ignore line: [Linking CXX executable cmTC_e5378.elf]
  ignore line: [/usr/local/bin/cmake -E cmake_link_script CMakeFiles/cmTC_e5378.dir/link.txt --verbose=1]
  ignore line: [/usr/bin/arm-none-eabi-g++  -mcpu=cortex-m0plus -mthumb  -Wl,--build-id=none -nostdlib  -v CMakeFiles/cmTC_e5378.dir/CMakeCXXCompilerABI.cpp.obj  -o cmTC_e5378.elf ]
  ignore line: [Using built-in specs.]
  ignore line: [COLLECT_GCC=/usr/bin/arm-none-eabi-g++]
  ignore line: [COLLECT_LTO_WRAPPER=/usr/lib/gcc/arm-none-eabi/6.3.1/lto-wrapper]
  ignore line: [Target: arm-none-eabi]
  ignore line: [Configured with: ../src/configure --build=x86_64-linux-gnu --prefix=/usr --includedir='/usr/lib/include' --mandir='/usr/lib/share/man' --infodir='/usr/lib/share/info' --sysconfdir=/etc --localstatedir=/var --disable-silent-rules --libdir='/usr/lib/lib/x86_64-linux-gnu' --libexecdir='/usr/lib/lib/x86_64-linux-gnu' --disable-maintainer-mode --disable-dependency-tracking --mandir=/usr/share/man --enable-languages=c,c++,lto --enable-multilib --disable-decimal-float --disable-libffi --disable-libgomp --disable-libmudflap --disable-libquadmath --disable-libssp --disable-libstdcxx-pch --disable-nls --disable-shared --disable-threads --disable-tls --build=x86_64-linux-gnu --target=arm-none-eabi --with-system-zlib --with-gnu-as --with-gnu-ld --with-pkgversion=15:6.3.1+svn253039-1build1 --without-included-gettext --prefix=/usr/lib --infodir=/usr/share/doc/gcc-arm-none-eabi/info --htmldir=/usr/share/doc/gcc-arm-none-eabi/html --pdfdir=/usr/share/doc/gcc-arm-none-eabi/pdf --bindir=/usr/bin --libexecdir=/usr/lib --libdir=/usr/lib --disable-libstdc++-v3 --host=x86_64-linux-gnu --with-headers=no --without-newlib --with-multilib-list=rmprofile CFLAGS='-g -O2 -fdebug-prefix-map=/build/gcc-arm-none-eabi-iopiMw/gcc-arm-none-eabi-6.3.1+svn253039=. -fstack-protector-strong' CPPFLAGS='-Wdate-time -D_FORTIFY_SOURCE=2' CXXFLAGS='-g -O2 -fdebug-prefix-map=/build/gcc-arm-none-eabi-iopiMw/gcc-arm-none-eabi-6.3.1+svn253039=. -fstack-protector-strong' FCFLAGS='-g -O2 -fdebug-prefix-map=/build/gcc-arm-none-eabi-iopiMw/gcc-arm-none-eabi-6.3.1+svn253039=. -fstack-protector-strong' FFLAGS='-g -O2 -fdebug-prefix-map=/build/gcc-arm-none-eabi-iopiMw/gcc-arm-none-eabi-6.3.1+svn253039=. -fstack-protector-strong' GCJFLAGS='-g -O2 -fdebug-prefix-map=/build/gcc-arm-none-eabi-iopiMw/gcc-arm-none-eabi-6.3.1+svn253039=. -fstack-protector-strong' LDFLAGS='-Wl,-Bsymbolic-functions -Wl,-z,relro' OBJCFLAGS='-g -O2 -fdebug-prefix-map=/build/gcc-arm-none-eabi-iopiMw/gcc-arm-none-eabi-6.3.1+svn253039=. -fstack-protector-strong' OBJCXXFLAGS='-g -O2 -fdebug-prefix-map=/build/gcc-arm-none-eabi-iopiMw/gcc-arm-none-eabi-6.3.1+svn253039=. -fstack-protector-strong' INHIBIT_LIBC_CFLAGS=-DUSE_TM_CLONE_REGISTRY=0 AR_FOR_TARGET=arm-none-eabi-ar AS_FOR_TARGET=arm-none-eabi-as LD_FOR_TARGET=arm-none-eabi-ld NM_FOR_TARGET=arm-none-eabi-nm OBJDUMP_FOR_TARGET=arm-none-eabi-objdump RANLIB_FOR_TARGET=arm-none-eabi-ranlib READELF_FOR_TARGET=arm-none-eabi-readelf STRIP_FOR_TARGET=arm-none-eabi-strip]
  ignore line: [Thread model: single]
  ignore line: [gcc version 6.3.1 20170620 (15:6.3.1+svn253039-1build1) ]
  ignore line: [COMPILER_PATH=/usr/lib/gcc/arm-none-eabi/6.3.1/:/usr/lib/gcc/arm-none-eabi/6.3.1/:/usr/lib/gcc/arm-none-eabi/:/usr/lib/gcc/arm-none-eabi/6.3.1/:/usr/lib/gcc/arm-none-eabi/:/usr/lib/gcc/arm-none-eabi/6.3.1/../../../arm-none-eabi/bin/]
  ignore line: [LIBRARY_PATH=/usr/lib/gcc/arm-none-eabi/6.3.1/thumb/v6-m/:/usr/lib/gcc/arm-none-eabi/6.3.1/../../../arm-none-eabi/lib/thumb/v6-m/:/usr/lib/gcc/arm-none-eabi/6.3.1/:/usr/lib/gcc/arm-none-eabi/6.3.1/../../../arm-none-eabi/lib/]
  ignore line: [COLLECT_GCC_OPTIONS='-mcpu=cortex-m0plus' '-mthumb' '-nostdlib' '-v' '-o' 'cmTC_e5378.elf']
  link line: [ /usr/lib/gcc/arm-none-eabi/6.3.1/collect2 -plugin /usr/lib/gcc/arm-none-eabi/6.3.1/liblto_plugin.so -plugin-opt=/usr/lib/gcc/arm-none-eabi/6.3.1/lto-wrapper -plugin-opt=-fresolution=/tmp/ccQEgQSB.res -X -o cmTC_e5378.elf -L/usr/lib/gcc/arm-none-eabi/6.3.1/thumb/v6-m -L/usr/lib/gcc/arm-none-eabi/6.3.1/../../../arm-none-eabi/lib/thumb/v6-m -L/usr/lib/gcc/arm-none-eabi/6.3.1 -L/usr/lib/gcc/arm-none-eabi/6.3.1/../../../arm-none-eabi/lib --build-id=none CMakeFiles/cmTC_e5378.dir/CMakeCXXCompilerABI.cpp.obj]
    arg [/usr/lib/gcc/arm-none-eabi/6.3.1/collect2] ==> ignore
    arg [-plugin] ==> ignore
    arg [/usr/lib/gcc/arm-none-eabi/6.3.1/liblto_plugin.so] ==> ignore
    arg [-plugin-opt=/usr/lib/gcc/arm-none-eabi/6.3.1/lto-wrapper] ==> ignore
    arg [-plugin-opt=-fresolution=/tmp/ccQEgQSB.res] ==> ignore
    arg [-X] ==> ignore
    arg [-o] ==> ignore
    arg [cmTC_e5378.elf] ==> ignore
    arg [-L/usr/lib/gcc/arm-none-eabi/6.3.1/thumb/v6-m] ==> dir [/usr/lib/gcc/arm-none-eabi/6.3.1/thumb/v6-m]
    arg [-L/usr/lib/gcc/arm-none-eabi/6.3.1/../../../arm-none-eabi/lib/thumb/v6-m] ==> dir [/usr/lib/gcc/arm-none-eabi/6.3.1/../../../arm-none-eabi/lib/thumb/v6-m]
    arg [-L/usr/lib/gcc/arm-none-eabi/6.3.1] ==> dir [/usr/lib/gcc/arm-none-eabi/6.3.1]
    arg [-L/usr/lib/gcc/arm-none-eabi/6.3.1/../../../arm-none-eabi/lib] ==> dir [/usr/lib/gcc/arm-none-eabi/6.3.1/../../../arm-none-eabi/lib]
    arg [--build-id=none] ==> ignore
    arg [CMakeFiles/cmTC_e5378.dir/CMakeCXXCompilerABI.cpp.obj] ==> ignore
  collapse library dir [/usr/lib/gcc/arm-none-eabi/6.3.1/thumb/v6-m] ==> [/usr/lib/gcc/arm-none-eabi/6.3.1/thumb/v6-m]
  collapse library dir [/usr/lib/gcc/arm-none-eabi/6.3.1/../../../arm-none-eabi/lib/thumb/v6-m] ==> [/usr/lib/arm-none-eabi/lib/thumb/v6-m]
  collapse library dir [/usr/lib/gcc/arm-none-eabi/6.3.1] ==> [/usr/lib/gcc/arm-none-eabi/6.3.1]
  collapse library dir [/usr/lib/gcc/arm-none-eabi/6.3.1/../../../arm-none-eabi/lib] ==> [/usr/lib/arm-none-eabi/lib]
  implicit libs: []
  implicit dirs: [/usr/lib/gcc/arm-none-eabi/6.3.1/thumb/v6-m;/usr/lib/arm-none-eabi/lib/thumb/v6-m;/usr/lib/gcc/arm-none-eabi/6.3.1;/usr/lib/arm-none-eabi/lib]
  implicit fwks: []




Detecting CXX [-std=c++1z] compiler features compiled with the following output:
Change Dir: /home/abdurrahim/pico_projects/build/CMakeFiles/CMakeTmp

Run Build Command:"/usr/bin/make" "cmTC_32723/fast"
/usr/bin/make -f CMakeFiles/cmTC_32723.dir/build.make CMakeFiles/cmTC_32723.dir/build
make[1]: Entering directory '/home/abdurrahim/pico_projects/build/CMakeFiles/CMakeTmp'
Building CXX object CMakeFiles/cmTC_32723.dir/feature_tests.cxx.obj
/usr/bin/arm-none-eabi-g++    -mcpu=cortex-m0plus -mthumb    -std=c++1z -o CMakeFiles/cmTC_32723.dir/feature_tests.cxx.obj -c /home/abdurrahim/pico_projects/build/CMakeFiles/feature_tests.cxx
Linking CXX executable cmTC_32723.elf
/usr/local/bin/cmake -E cmake_link_script CMakeFiles/cmTC_32723.dir/link.txt --verbose=1
/usr/bin/arm-none-eabi-g++  -mcpu=cortex-m0plus -mthumb  -Wl,--build-id=none -nostdlib   CMakeFiles/cmTC_32723.dir/feature_tests.cxx.obj  -o cmTC_32723.elf 
/usr/lib/gcc/arm-none-eabi/6.3.1/../../../arm-none-eabi/bin/ld: warning: cannot find entry symbol _start; defaulting to 0000000000008000
make[1]: Leaving directory '/home/abdurrahim/pico_projects/build/CMakeFiles/CMakeTmp'


    Feature record: CXX_FEATURE:1cxx_aggregate_default_initializers
    Feature record: CXX_FEATURE:1cxx_alias_templates
    Feature record: CXX_FEATURE:1cxx_alignas
    Feature record: CXX_FEATURE:1cxx_alignof
    Feature record: CXX_FEATURE:1cxx_attributes
    Feature record: CXX_FEATURE:1cxx_attribute_deprecated
    Feature record: CXX_FEATURE:1cxx_auto_type
    Feature record: CXX_FEATURE:1cxx_binary_literals
    Feature record: CXX_FEATURE:1cxx_constexpr
    Feature record: CXX_FEATURE:1cxx_contextual_conversions
    Feature record: CXX_FEATURE:1cxx_decltype
    Feature record: CXX_FEATURE:1cxx_decltype_auto
    Feature record: CXX_FEATURE:1cxx_decltype_incomplete_return_types
    Feature record: CXX_FEATURE:1cxx_default_function_template_args
    Feature record: CXX_FEATURE:1cxx_defaulted_functions
    Feature record: CXX_FEATURE:1cxx_defaulted_move_initializers
    Feature record: CXX_FEATURE:1cxx_delegating_constructors
    Feature record: CXX_FEATURE:1cxx_deleted_functions
    Feature record: CXX_FEATURE:1cxx_digit_separators
    Feature record: CXX_FEATURE:1cxx_enum_forward_declarations
    Feature record: CXX_FEATURE:1cxx_explicit_conversions
    Feature record: CXX_FEATURE:1cxx_extended_friend_declarations
    Feature record: CXX_FEATURE:1cxx_extern_templates
    Feature record: CXX_FEATURE:1cxx_final
    Feature record: CXX_FEATURE:1cxx_func_identifier
    Feature record: CXX_FEATURE:1cxx_generalized_initializers
    Feature record: CXX_FEATURE:1cxx_generic_lambdas
    Feature record: CXX_FEATURE:1cxx_inheriting_constructors
    Feature record: CXX_FEATURE:1cxx_inline_namespaces
    Feature record: CXX_FEATURE:1cxx_lambdas
    Feature record: CXX_FEATURE:1cxx_lambda_init_captures
    Feature record: CXX_FEATURE:1cxx_local_type_template_args
    Feature record: CXX_FEATURE:1cxx_long_long_type
    Feature record: CXX_FEATURE:1cxx_noexcept
    Feature record: CXX_FEATURE:1cxx_nonstatic_member_init
    Feature record: CXX_FEATURE:1cxx_nullptr
    Feature record: CXX_FEATURE:1cxx_override
    Feature record: CXX_FEATURE:1cxx_range_for
    Feature record: CXX_FEATURE:1cxx_raw_string_literals
    Feature record: CXX_FEATURE:1cxx_reference_qualified_functions
    Feature record: CXX_FEATURE:1cxx_relaxed_constexpr
    Feature record: CXX_FEATURE:1cxx_return_type_deduction
    Feature record: CXX_FEATURE:1cxx_right_angle_brackets
    Feature record: CXX_FEATURE:1cxx_rvalue_references
    Feature record: CXX_FEATURE:1cxx_sizeof_member
    Feature record: CXX_FEATURE:1cxx_static_assert
    Feature record: CXX_FEATURE:1cxx_strong_enums
    Feature record: CXX_FEATURE:1cxx_template_template_parameters
    Feature record: CXX_FEATURE:1cxx_thread_local
    Feature record: CXX_FEATURE:1cxx_trailing_return_types
    Feature record: CXX_FEATURE:1cxx_unicode_literals
    Feature record: CXX_FEATURE:1cxx_uniform_initialization
    Feature record: CXX_FEATURE:1cxx_unrestricted_unions
    Feature record: CXX_FEATURE:1cxx_user_literals
    Feature record: CXX_FEATURE:1cxx_variable_templates
    Feature record: CXX_FEATURE:1cxx_variadic_macros
    Feature record: CXX_FEATURE:1cxx_variadic_templates


Detecting CXX [-std=c++14] compiler features compiled with the following output:
Change Dir: /home/abdurrahim/pico_projects/build/CMakeFiles/CMakeTmp

Run Build Command:"/usr/bin/make" "cmTC_561f7/fast"
/usr/bin/make -f CMakeFiles/cmTC_561f7.dir/build.make CMakeFiles/cmTC_561f7.dir/build
make[1]: Entering directory '/home/abdurrahim/pico_projects/build/CMakeFiles/CMakeTmp'
Building CXX object CMakeFiles/cmTC_561f7.dir/feature_tests.cxx.obj
/usr/bin/arm-none-eabi-g++    -mcpu=cortex-m0plus -mthumb    -std=c++14 -o CMakeFiles/cmTC_561f7.dir/feature_tests.cxx.obj -c /home/abdurrahim/pico_projects/build/CMakeFiles/feature_tests.cxx
Linking CXX executable cmTC_561f7.elf
/usr/local/bin/cmake -E cmake_link_script CMakeFiles/cmTC_561f7.dir/link.txt --verbose=1
/usr/bin/arm-none-eabi-g++  -mcpu=cortex-m0plus -mthumb  -Wl,--build-id=none -nostdlib   CMakeFiles/cmTC_561f7.dir/feature_tests.cxx.obj  -o cmTC_561f7.elf 
/usr/lib/gcc/arm-none-eabi/6.3.1/../../../arm-none-eabi/bin/ld: warning: cannot find entry symbol _start; defaulting to 0000000000008000
make[1]: Leaving directory '/home/abdurrahim/pico_projects/build/CMakeFiles/CMakeTmp'


    Feature record: CXX_FEATURE:1cxx_aggregate_default_initializers
    Feature record: CXX_FEATURE:1cxx_alias_templates
    Feature record: CXX_FEATURE:1cxx_alignas
    Feature record: CXX_FEATURE:1cxx_alignof
    Feature record: CXX_FEATURE:1cxx_attributes
    Feature record: CXX_FEATURE:1cxx_attribute_deprecated
    Feature record: CXX_FEATURE:1cxx_auto_type
    Feature record: CXX_FEATURE:1cxx_binary_literals
    Feature record: CXX_FEATURE:1cxx_constexpr
    Feature record: CXX_FEATURE:1cxx_contextual_conversions
    Feature record: CXX_FEATURE:1cxx_decltype
    Feature record: CXX_FEATURE:1cxx_decltype_auto
    Feature record: CXX_FEATURE:1cxx_decltype_incomplete_return_types
    Feature record: CXX_FEATURE:1cxx_default_function_template_args
    Feature record: CXX_FEATURE:1cxx_defaulted_functions
    Feature record: CXX_FEATURE:1cxx_defaulted_move_initializers
    Feature record: CXX_FEATURE:1cxx_delegating_constructors
    Feature record: CXX_FEATURE:1cxx_deleted_functions
    Feature record: CXX_FEATURE:1cxx_digit_separators
    Feature record: CXX_FEATURE:1cxx_enum_forward_declarations
    Feature record: CXX_FEATURE:1cxx_explicit_conversions
    Feature record: CXX_FEATURE:1cxx_extended_friend_declarations
    Feature record: CXX_FEATURE:1cxx_extern_templates
    Feature record: CXX_FEATURE:1cxx_final
    Feature record: CXX_FEATURE:1cxx_func_identifier
    Feature record: CXX_FEATURE:1cxx_generalized_initializers
    Feature record: CXX_FEATURE:1cxx_generic_lambdas
    Feature record: CXX_FEATURE:1cxx_inheriting_constructors
    Feature record: CXX_FEATURE:1cxx_inline_namespaces
    Feature record: CXX_FEATURE:1cxx_lambdas
    Feature record: CXX_FEATURE:1cxx_lambda_init_captures
    Feature record: CXX_FEATURE:1cxx_local_type_template_args
    Feature record: CXX_FEATURE:1cxx_long_long_type
    Feature record: CXX_FEATURE:1cxx_noexcept
    Feature record: CXX_FEATURE:1cxx_nonstatic_member_init
    Feature record: CXX_FEATURE:1cxx_nullptr
    Feature record: CXX_FEATURE:1cxx_override
    Feature record: CXX_FEATURE:1cxx_range_for
    Feature record: CXX_FEATURE:1cxx_raw_string_literals
    Feature record: CXX_FEATURE:1cxx_reference_qualified_functions
    Feature record: CXX_FEATURE:1cxx_relaxed_constexpr
    Feature record: CXX_FEATURE:1cxx_return_type_deduction
    Feature record: CXX_FEATURE:1cxx_right_angle_brackets
    Feature record: CXX_FEATURE:1cxx_rvalue_references
    Feature record: CXX_FEATURE:1cxx_sizeof_member
    Feature record: CXX_FEATURE:1cxx_static_assert
    Feature record: CXX_FEATURE:1cxx_strong_enums
    Feature record: CXX_FEATURE:1cxx_template_template_parameters
    Feature record: CXX_FEATURE:1cxx_thread_local
    Feature record: CXX_FEATURE:1cxx_trailing_return_types
    Feature record: CXX_FEATURE:1cxx_unicode_literals
    Feature record: CXX_FEATURE:1cxx_uniform_initialization
    Feature record: CXX_FEATURE:1cxx_unrestricted_unions
    Feature record: CXX_FEATURE:1cxx_user_literals
    Feature record: CXX_FEATURE:1cxx_variable_templates
    Feature record: CXX_FEATURE:1cxx_variadic_macros
    Feature record: CXX_FEATURE:1cxx_variadic_templates


Detecting CXX [-std=c++11] compiler features compiled with the following output:
Change Dir: /home/abdurrahim/pico_projects/build/CMakeFiles/CMakeTmp

Run Build Command:"/usr/bin/make" "cmTC_253e2/fast"
/usr/bin/make -f CMakeFiles/cmTC_253e2.dir/build.make CMakeFiles/cmTC_253e2.dir/build
make[1]: Entering directory '/home/abdurrahim/pico_projects/build/CMakeFiles/CMakeTmp'
Building CXX object CMakeFiles/cmTC_253e2.dir/feature_tests.cxx.obj
/usr/bin/arm-none-eabi-g++    -mcpu=cortex-m0plus -mthumb    -std=c++11 -o CMakeFiles/cmTC_253e2.dir/feature_tests.cxx.obj -c /home/abdurrahim/pico_projects/build/CMakeFiles/feature_tests.cxx
Linking CXX executable cmTC_253e2.elf
/usr/local/bin/cmake -E cmake_link_script CMakeFiles/cmTC_253e2.dir/link.txt --verbose=1
/usr/bin/arm-none-eabi-g++  -mcpu=cortex-m0plus -mthumb  -Wl,--build-id=none -nostdlib   CMakeFiles/cmTC_253e2.dir/feature_tests.cxx.obj  -o cmTC_253e2.elf 
/usr/lib/gcc/arm-none-eabi/6.3.1/../../../arm-none-eabi/bin/ld: warning: cannot find entry symbol _start; defaulting to 0000000000008000
make[1]: Leaving directory '/home/abdurrahim/pico_projects/build/CMakeFiles/CMakeTmp'


    Feature record: CXX_FEATURE:0cxx_aggregate_default_initializers
    Feature record: CXX_FEATURE:1cxx_alias_templates
    Feature record: CXX_FEATURE:1cxx_alignas
    Feature record: CXX_FEATURE:1cxx_alignof
    Feature record: CXX_FEATURE:1cxx_attributes
    Feature record: CXX_FEATURE:0cxx_attribute_deprecated
    Feature record: CXX_FEATURE:1cxx_auto_type
    Feature record: CXX_FEATURE:0cxx_binary_literals
    Feature record: CXX_FEATURE:1cxx_constexpr
    Feature record: CXX_FEATURE:0cxx_contextual_conversions
    Feature record: CXX_FEATURE:1cxx_decltype
    Feature record: CXX_FEATURE:0cxx_decltype_auto
    Feature record: CXX_FEATURE:1cxx_decltype_incomplete_return_types
    Feature record: CXX_FEATURE:1cxx_default_function_template_args
    Feature record: CXX_FEATURE:1cxx_defaulted_functions
    Feature record: CXX_FEATURE:1cxx_defaulted_move_initializers
    Feature record: CXX_FEATURE:1cxx_delegating_constructors
    Feature record: CXX_FEATURE:1cxx_deleted_functions
    Feature record: CXX_FEATURE:0cxx_digit_separators
    Feature record: CXX_FEATURE:1cxx_enum_forward_declarations
    Feature record: CXX_FEATURE:1cxx_explicit_conversions
    Feature record: CXX_FEATURE:1cxx_extended_friend_declarations
    Feature record: CXX_FEATURE:1cxx_extern_templates
    Feature record: CXX_FEATURE:1cxx_final
    Feature record: CXX_FEATURE:1cxx_func_identifier
    Feature record: CXX_FEATURE:1cxx_generalized_initializers
    Feature record: CXX_FEATURE:0cxx_generic_lambdas
    Feature record: CXX_FEATURE:1cxx_inheriting_constructors
    Feature record: CXX_FEATURE:1cxx_inline_namespaces
    Feature record: CXX_FEATURE:1cxx_lambdas
    Feature record: CXX_FEATURE:0cxx_lambda_init_captures
    Feature record: CXX_FEATURE:1cxx_local_type_template_args
    Feature record: CXX_FEATURE:1cxx_long_long_type
    Feature record: CXX_FEATURE:1cxx_noexcept
    Feature record: CXX_FEATURE:1cxx_nonstatic_member_init
    Feature record: CXX_FEATURE:1cxx_nullptr
    Feature record: CXX_FEATURE:1cxx_override
    Feature record: CXX_FEATURE:1cxx_range_for
    Feature record: CXX_FEATURE:1cxx_raw_string_literals
    Feature record: CXX_FEATURE:1cxx_reference_qualified_functions
    Feature record: CXX_FEATURE:0cxx_relaxed_constexpr
    Feature record: CXX_FEATURE:0cxx_return_type_deduction
    Feature record: CXX_FEATURE:1cxx_right_angle_brackets
    Feature record: CXX_FEATURE:1cxx_rvalue_references
    Feature record: CXX_FEATURE:1cxx_sizeof_member
    Feature record: CXX_FEATURE:1cxx_static_assert
    Feature record: CXX_FEATURE:1cxx_strong_enums
    Feature record: CXX_FEATURE:1cxx_template_template_parameters
    Feature record: CXX_FEATURE:1cxx_thread_local
    Feature record: CXX_FEATURE:1cxx_trailing_return_types
    Feature record: CXX_FEATURE:1cxx_unicode_literals
    Feature record: CXX_FEATURE:1cxx_uniform_initialization
    Feature record: CXX_FEATURE:1cxx_unrestricted_unions
    Feature record: CXX_FEATURE:1cxx_user_literals
    Feature record: CXX_FEATURE:0cxx_variable_templates
    Feature record: CXX_FEATURE:1cxx_variadic_macros
    Feature record: CXX_FEATURE:1cxx_variadic_templates


Detecting CXX [-std=c++98] compiler features compiled with the following output:
Change Dir: /home/abdurrahim/pico_projects/build/CMakeFiles/CMakeTmp

Run Build Command:"/usr/bin/make" "cmTC_cd9bb/fast"
/usr/bin/make -f CMakeFiles/cmTC_cd9bb.dir/build.make CMakeFiles/cmTC_cd9bb.dir/build
make[1]: Entering directory '/home/abdurrahim/pico_projects/build/CMakeFiles/CMakeTmp'
Building CXX object CMakeFiles/cmTC_cd9bb.dir/feature_tests.cxx.obj
/usr/bin/arm-none-eabi-g++    -mcpu=cortex-m0plus -mthumb    -std=c++98 -o CMakeFiles/cmTC_cd9bb.dir/feature_tests.cxx.obj -c /home/abdurrahim/pico_projects/build/CMakeFiles/feature_tests.cxx
Linking CXX executable cmTC_cd9bb.elf
/usr/local/bin/cmake -E cmake_link_script CMakeFiles/cmTC_cd9bb.dir/link.txt --verbose=1
/usr/bin/arm-none-eabi-g++  -mcpu=cortex-m0plus -mthumb  -Wl,--build-id=none -nostdlib   CMakeFiles/cmTC_cd9bb.dir/feature_tests.cxx.obj  -o cmTC_cd9bb.elf 
/usr/lib/gcc/arm-none-eabi/6.3.1/../../../arm-none-eabi/bin/ld: warning: cannot find entry symbol _start; defaulting to 0000000000008000
make[1]: Leaving directory '/home/abdurrahim/pico_projects/build/CMakeFiles/CMakeTmp'


    Feature record: CXX_FEATURE:0cxx_aggregate_default_initializers
    Feature record: CXX_FEATURE:0cxx_alias_templates
    Feature record: CXX_FEATURE:0cxx_alignas
    Feature record: CXX_FEATURE:0cxx_alignof
    Feature record: CXX_FEATURE:0cxx_attributes
    Feature record: CXX_FEATURE:0cxx_attribute_deprecated
    Feature record: CXX_FEATURE:0cxx_auto_type
    Feature record: CXX_FEATURE:0cxx_binary_literals
    Feature record: CXX_FEATURE:0cxx_constexpr
    Feature record: CXX_FEATURE:0cxx_contextual_conversions
    Feature record: CXX_FEATURE:0cxx_decltype
    Feature record: CXX_FEATURE:0cxx_decltype_auto
    Feature record: CXX_FEATURE:0cxx_decltype_incomplete_return_types
    Feature record: CXX_FEATURE:0cxx_default_function_template_args
    Feature record: CXX_FEATURE:0cxx_defaulted_functions
    Feature record: CXX_FEATURE:0cxx_defaulted_move_initializers
    Feature record: CXX_FEATURE:0cxx_delegating_constructors
    Feature record: CXX_FEATURE:0cxx_deleted_functions
    Feature record: CXX_FEATURE:0cxx_digit_separators
    Feature record: CXX_FEATURE:0cxx_enum_forward_declarations
    Feature record: CXX_FEATURE:0cxx_explicit_conversions
    Feature record: CXX_FEATURE:0cxx_extended_friend_declarations
    Feature record: CXX_FEATURE:0cxx_extern_templates
    Feature record: CXX_FEATURE:0cxx_final
    Feature record: CXX_FEATURE:0cxx_func_identifier
    Feature record: CXX_FEATURE:0cxx_generalized_initializers
    Feature record: CXX_FEATURE:0cxx_generic_lambdas
    Feature record: CXX_FEATURE:0cxx_inheriting_constructors
    Feature record: CXX_FEATURE:0cxx_inline_namespaces
    Feature record: CXX_FEATURE:0cxx_lambdas
    Feature record: CXX_FEATURE:0cxx_lambda_init_captures
    Feature record: CXX_FEATURE:0cxx_local_type_template_args
    Feature record: CXX_FEATURE:0cxx_long_long_type
    Feature record: CXX_FEATURE:0cxx_noexcept
    Feature record: CXX_FEATURE:0cxx_nonstatic_member_init
    Feature record: CXX_FEATURE:0cxx_nullptr
    Feature record: CXX_FEATURE:0cxx_override
    Feature record: CXX_FEATURE:0cxx_range_for
    Feature record: CXX_FEATURE:0cxx_raw_string_literals
    Feature record: CXX_FEATURE:0cxx_reference_qualified_functions
    Feature record: CXX_FEATURE:0cxx_relaxed_constexpr
    Feature record: CXX_FEATURE:0cxx_return_type_deduction
    Feature record: CXX_FEATURE:0cxx_right_angle_brackets
    Feature record: CXX_FEATURE:0cxx_rvalue_references
    Feature record: CXX_FEATURE:0cxx_sizeof_member
    Feature record: CXX_FEATURE:0cxx_static_assert
    Feature record: CXX_FEATURE:0cxx_strong_enums
    Feature record: CXX_FEATURE:1cxx_template_template_parameters
    Feature record: CXX_FEATURE:0cxx_thread_local
    Feature record: CXX_FEATURE:0cxx_trailing_return_types
    Feature record: CXX_FEATURE:0cxx_unicode_literals
    Feature record: CXX_FEATURE:0cxx_uniform_initialization
    Feature record: CXX_FEATURE:0cxx_unrestricted_unions
    Feature record: CXX_FEATURE:0cxx_user_literals
    Feature record: CXX_FEATURE:0cxx_variable_templates
    Feature record: CXX_FEATURE:0cxx_variadic_macros
    Feature record: CXX_FEATURE:0cxx_variadic_templates
Checking whether the ASM compiler is GNU using "--version" matched "(GNU assembler)|(GCC)|(Free Software Foundation)":
arm-none-eabi-gcc (15:6.3.1+svn253039-1build1) 6.3.1 20170620
Copyright (C) 2016 Free Software Foundation, Inc.
This is free software; see the source for copying conditions.  There is NO
warranty; not even for MERCHANTABILITY or FITNESS FOR A PARTICULAR PURPOSE.

